<?xml version="1.0" encoding="UTF-8"?>
<testsuite xmlns:xsi="http://www.w3.org/2001/XMLSchema-instance" xsi:noNamespaceSchemaLocation="https://maven.apache.org/surefire/maven-surefire-plugin/xsd/surefire-test-report.xsd" version="3.0.2" name="com.docencia.tutorial.TutorialApplicationTests" time="5.284" tests="1" errors="0" skipped="0" failures="0">
  <properties>
[...]
</properties>
  <testcase name="contextLoads" classname="com.docencia.tutorial.TutorialApplicationTests" time="1.221">
    <system-out><![CDATA[10:37:26.357 [main] INFO org.springframework.test.context.support.AnnotationConfigContextLoaderUtils -- Could not detect default configuration classes for test class [com.docencia.tutorial.TutorialApplicationTests]: TutorialApplicationTests does not declare any static, non-private, non-final, nested classes annotated with @Configuration.
10:37:26.554 [main] INFO org.springframework.boot.test.context.SpringBootTestContextBootstrapper -- Found @SpringBootConfiguration com.docencia.tutorial.TutorialApplication for test class com.docencia.tutorial.TutorialApplicationTests

  .   ____          _            __ _ _
 /\\ / ___'_ __ _ _(_)_ __  __ _ \ \ \ \
( ( )\___ | '_ | '_| | '_ \/ _` | \ \ \ \
 \\/  ___)| |_)| | | | | || (_| |  ) ) ) )
  '  |____| .__|_| |_|_| |_\__, | / / / /
 =========|_|==============|___/=/_/_/_/

 :: Spring Boot ::                (v3.4.2)

2025-02-24T10:37:27.427-05:00  INFO 17068 --- [tutorial] [           main] c.d.tutorial.TutorialApplicationTests    : Starting TutorialApplicationTests using Java 21.0.5 with PID 17068 (started by sanhe_ in C:\Santiago\tutorial\tutorial)
2025-02-24T10:37:27.431-05:00  INFO 17068 --- [tutorial] [           main] c.d.tutorial.TutorialApplicationTests    : No active profile set, falling back to 1 default profile: "default"
2025-02-24T10:37:30.107-05:00  INFO 17068 --- [tutorial] [           main] c.d.tutorial.TutorialApplicationTests    : Started TutorialApplicationTests in 3.259 seconds (process running for 4.907)
]]></system-out>
    <system-err><![CDATA[Mockito is currently self-attaching to enable the inline-mock-maker. This will no longer work in future releases of the JDK. Please add Mockito as an agent to your build what is described in Mockito's documentation: https://javadoc.io/doc/org.mockito/mockito-core/latest/org/mockito/Mockito.html#0.3
WARNING: A Java agent has been loaded dynamically (C:\Users\sanhe_\.m2\repository\net\bytebuddy\byte-buddy-agent\1.15.11\byte-buddy-agent-1.15.11.jar)
WARNING: If a serviceability tool is in use, please run with -XX:+EnableDynamicAgentLoading to hide this warning
WARNING: If a serviceability tool is not in use, please run with -Djdk.instrument.traceUsage for more information
WARNING: Dynamic loading of agents will be disallowed by default in a future release
]]></system-err>
  </testcase>
</testsuite>